This file contains any messages produced by compilers while
running configure, to aid debugging if configure makes a mistake.

It was created by configure, which was
generated by GNU Autoconf 2.61.  Invocation command line was

  $ ./configure 

## --------- ##
## Platform. ##
## --------- ##

hostname = avogadro
uname -m = x86_64
uname -r = 3.16.0-41-generic
uname -s = Linux
uname -v = #57-Ubuntu SMP Thu Jun 18 08:44:16 UTC 2015

/usr/bin/uname -p = unknown
/bin/uname -X     = unknown

/bin/arch              = unknown
/usr/bin/arch -k       = unknown
/usr/convex/getsysinfo = unknown
/usr/bin/hostinfo      = unknown
/bin/machine           = unknown
/usr/bin/oslevel       = unknown
/bin/universe          = unknown

PATH: /home/jasonc/bin
PATH: /home/jasonc/bin
PATH: /home/jasonc/bin
PATH: /usr/local/sbin
PATH: /usr/local/bin
PATH: /usr/sbin
PATH: /usr/bin
PATH: /sbin
PATH: /bin
PATH: /usr/games
PATH: /usr/local/games


## ----------- ##
## Core tests. ##
## ----------- ##

configure:1858: checking for gcc
configure:1874: found /usr/bin/gcc
configure:1885: result: gcc
configure:2123: checking for C compiler version
configure:2130: gcc --version >&5
gcc (Ubuntu 4.9.2-10ubuntu13) 4.9.2
Copyright (C) 2014 Free Software Foundation, Inc.
This is free software; see the source for copying conditions.  There is NO
warranty; not even for MERCHANTABILITY or FITNESS FOR A PARTICULAR PURPOSE.

configure:2133: $? = 0
configure:2140: gcc -v >&5
Using built-in specs.
COLLECT_GCC=gcc
COLLECT_LTO_WRAPPER=/usr/lib/gcc/x86_64-linux-gnu/4.9/lto-wrapper
Target: x86_64-linux-gnu
Configured with: ../src/configure -v --with-pkgversion='Ubuntu 4.9.2-10ubuntu13' --with-bugurl=file:///usr/share/doc/gcc-4.9/README.Bugs --enable-languages=c,c++,java,go,d,fortran,objc,obj-c++ --prefix=/usr --program-suffix=-4.9 --enable-shared --enable-linker-build-id --libexecdir=/usr/lib --without-included-gettext --enable-threads=posix --with-gxx-include-dir=/usr/include/c++/4.9 --libdir=/usr/lib --enable-nls --with-sysroot=/ --enable-clocale=gnu --enable-libstdcxx-debug --enable-libstdcxx-time=yes --enable-gnu-unique-object --disable-vtable-verify --enable-plugin --with-system-zlib --disable-browser-plugin --enable-java-awt=gtk --enable-gtk-cairo --with-java-home=/usr/lib/jvm/java-1.5.0-gcj-4.9-amd64/jre --enable-java-home --with-jvm-root-dir=/usr/lib/jvm/java-1.5.0-gcj-4.9-amd64 --with-jvm-jar-dir=/usr/lib/jvm-exports/java-1.5.0-gcj-4.9-amd64 --with-arch-directory=amd64 --with-ecj-jar=/usr/share/java/eclipse-ecj.jar --enable-objc-gc --enable-multiarch --disable-werror --with-arch-32=i686 --with-abi=m64 --with-multilib-list=m32,m64,mx32 --enable-multilib --with-tune=generic --enable-checking=release --build=x86_64-linux-gnu --host=x86_64-linux-gnu --target=x86_64-linux-gnu
Thread model: posix
gcc version 4.9.2 (Ubuntu 4.9.2-10ubuntu13) 
configure:2143: $? = 0
configure:2150: gcc -V >&5
gcc: error: unrecognized command line option '-V'
gcc: fatal error: no input files
compilation terminated.
configure:2153: $? = 4
configure:2176: checking for C compiler default output file name
configure:2203: gcc    conftest.c  >&5
configure:2206: $? = 0
configure:2244: result: a.out
configure:2261: checking whether the C compiler works
configure:2271: ./a.out
configure:2274: $? = 0
configure:2291: result: yes
configure:2298: checking whether we are cross compiling
configure:2300: result: no
configure:2303: checking for suffix of executables
configure:2310: gcc -o conftest    conftest.c  >&5
configure:2313: $? = 0
configure:2337: result: 
configure:2343: checking for suffix of object files
configure:2369: gcc -c   conftest.c >&5
configure:2372: $? = 0
configure:2395: result: o
configure:2399: checking whether we are using the GNU C compiler
configure:2428: gcc -c   conftest.c >&5
configure:2434: $? = 0
configure:2451: result: yes
configure:2456: checking whether gcc accepts -g
configure:2486: gcc -c -g  conftest.c >&5
configure:2492: $? = 0
configure:2591: result: yes
configure:2608: checking for gcc option to accept ISO C89
configure:2682: gcc  -c   conftest.c >&5
configure:2688: $? = 0
configure:2711: result: none needed
configure:2787: checking for g++
configure:2803: found /usr/bin/g++
configure:2814: result: g++
configure:2845: checking for C++ compiler version
configure:2852: g++ --version >&5
g++ (Ubuntu 4.9.2-10ubuntu13) 4.9.2
Copyright (C) 2014 Free Software Foundation, Inc.
This is free software; see the source for copying conditions.  There is NO
warranty; not even for MERCHANTABILITY or FITNESS FOR A PARTICULAR PURPOSE.

configure:2855: $? = 0
configure:2862: g++ -v >&5
Using built-in specs.
COLLECT_GCC=g++
COLLECT_LTO_WRAPPER=/usr/lib/gcc/x86_64-linux-gnu/4.9/lto-wrapper
Target: x86_64-linux-gnu
Configured with: ../src/configure -v --with-pkgversion='Ubuntu 4.9.2-10ubuntu13' --with-bugurl=file:///usr/share/doc/gcc-4.9/README.Bugs --enable-languages=c,c++,java,go,d,fortran,objc,obj-c++ --prefix=/usr --program-suffix=-4.9 --enable-shared --enable-linker-build-id --libexecdir=/usr/lib --without-included-gettext --enable-threads=posix --with-gxx-include-dir=/usr/include/c++/4.9 --libdir=/usr/lib --enable-nls --with-sysroot=/ --enable-clocale=gnu --enable-libstdcxx-debug --enable-libstdcxx-time=yes --enable-gnu-unique-object --disable-vtable-verify --enable-plugin --with-system-zlib --disable-browser-plugin --enable-java-awt=gtk --enable-gtk-cairo --with-java-home=/usr/lib/jvm/java-1.5.0-gcj-4.9-amd64/jre --enable-java-home --with-jvm-root-dir=/usr/lib/jvm/java-1.5.0-gcj-4.9-amd64 --with-jvm-jar-dir=/usr/lib/jvm-exports/java-1.5.0-gcj-4.9-amd64 --with-arch-directory=amd64 --with-ecj-jar=/usr/share/java/eclipse-ecj.jar --enable-objc-gc --enable-multiarch --disable-werror --with-arch-32=i686 --with-abi=m64 --with-multilib-list=m32,m64,mx32 --enable-multilib --with-tune=generic --enable-checking=release --build=x86_64-linux-gnu --host=x86_64-linux-gnu --target=x86_64-linux-gnu
Thread model: posix
gcc version 4.9.2 (Ubuntu 4.9.2-10ubuntu13) 
configure:2865: $? = 0
configure:2872: g++ -V >&5
g++: error: unrecognized command line option '-V'
g++: fatal error: no input files
compilation terminated.
configure:2875: $? = 4
configure:2878: checking whether we are using the GNU C++ compiler
configure:2907: g++ -c   conftest.cpp >&5
configure:2913: $? = 0
configure:2930: result: yes
configure:2935: checking whether g++ accepts -g
configure:2965: g++ -c -g  conftest.cpp >&5
configure:2971: $? = 0
configure:3070: result: yes
configure:3136: checking for ranlib
configure:3152: found /usr/bin/ranlib
configure:3163: result: ranlib
configure:3191: checking for ar
configure:3209: found /usr/bin/ar
configure:3221: result: /usr/bin/ar
configure:3231: checking for chmod
configure:3249: found /bin/chmod
configure:3261: result: /bin/chmod
configure:3271: checking for cp
configure:3289: found /bin/cp
configure:3301: result: /bin/cp
configure:3311: checking for gzip
configure:3329: found /bin/gzip
configure:3341: result: /bin/gzip
configure:3356: checking for htmldoc
configure:3389: result: no
configure:3396: checking for mkdir
configure:3414: found /bin/mkdir
configure:3426: result: /bin/mkdir
configure:3436: checking for nroff
configure:3454: found /usr/bin/nroff
configure:3466: result: /usr/bin/nroff
configure:3523: checking for rm
configure:3541: found /bin/rm
configure:3553: result: /bin/rm
configure:3563: checking for rpm
configure:3596: result: no
configure:3603: checking for rpmbuild
configure:3636: result: no
configure:3643: checking for strip
configure:3661: found /usr/bin/strip
configure:3673: result: /usr/bin/strip
configure:3683: checking for an ANSI C-conforming const
configure:3758: gcc -c   conftest.c >&5
configure:3764: $? = 0
configure:3779: result: yes
configure:3794: checking how to run the C preprocessor
configure:3834: gcc -E  conftest.c
configure:3840: $? = 0
configure:3871: gcc -E  conftest.c
conftest.c:9:28: fatal error: ac_nonexistent.h: No such file or directory
 #include <ac_nonexistent.h>
                            ^
compilation terminated.
configure:3877: $? = 1
configure: failed program was:
| /* confdefs.h.  */
| #define PACKAGE_NAME ""
| #define PACKAGE_TARNAME ""
| #define PACKAGE_VERSION ""
| #define PACKAGE_STRING ""
| #define PACKAGE_BUGREPORT ""
| #define EPM_VERSION "ESP Package Manager v4.2"
| /* end confdefs.h.  */
| #include <ac_nonexistent.h>
configure:3910: result: gcc -E
configure:3939: gcc -E  conftest.c
configure:3945: $? = 0
configure:3976: gcc -E  conftest.c
conftest.c:9:28: fatal error: ac_nonexistent.h: No such file or directory
 #include <ac_nonexistent.h>
                            ^
compilation terminated.
configure:3982: $? = 1
configure: failed program was:
| /* confdefs.h.  */
| #define PACKAGE_NAME ""
| #define PACKAGE_TARNAME ""
| #define PACKAGE_VERSION ""
| #define PACKAGE_STRING ""
| #define PACKAGE_BUGREPORT ""
| #define EPM_VERSION "ESP Package Manager v4.2"
| /* end confdefs.h.  */
| #include <ac_nonexistent.h>
configure:4020: checking for grep that handles long lines and -e
configure:4094: result: /bin/grep
configure:4099: checking for egrep
configure:4177: result: /bin/grep -E
configure:4182: checking for ANSI C header files
configure:4212: gcc -c   conftest.c >&5
configure:4218: $? = 0
configure:4317: gcc -o conftest    conftest.c  >&5
configure:4320: $? = 0
configure:4326: ./conftest
configure:4329: $? = 0
configure:4346: result: yes
configure:4370: checking for sys/types.h
configure:4391: gcc -c   conftest.c >&5
configure:4397: $? = 0
configure:4413: result: yes
configure:4370: checking for sys/stat.h
configure:4391: gcc -c   conftest.c >&5
configure:4397: $? = 0
configure:4413: result: yes
configure:4370: checking for stdlib.h
configure:4391: gcc -c   conftest.c >&5
configure:4397: $? = 0
configure:4413: result: yes
configure:4370: checking for string.h
configure:4391: gcc -c   conftest.c >&5
configure:4397: $? = 0
configure:4413: result: yes
configure:4370: checking for memory.h
configure:4391: gcc -c   conftest.c >&5
configure:4397: $? = 0
configure:4413: result: yes
configure:4370: checking for strings.h
configure:4391: gcc -c   conftest.c >&5
configure:4397: $? = 0
configure:4413: result: yes
configure:4370: checking for inttypes.h
configure:4391: gcc -c   conftest.c >&5
configure:4397: $? = 0
configure:4413: result: yes
configure:4370: checking for stdint.h
configure:4391: gcc -c   conftest.c >&5
configure:4397: $? = 0
configure:4413: result: yes
configure:4370: checking for unistd.h
configure:4391: gcc -c   conftest.c >&5
configure:4397: $? = 0
configure:4413: result: yes
configure:4426: checking whether char is unsigned
configure:4454: gcc -c   conftest.c >&5
configure:4460: $? = 0
configure:4475: result: no
configure:4491: checking for ANSI C header files
configure:4655: result: yes
configure:4673: checking for dirent.h that defines DIR
configure:4702: gcc -c   conftest.c >&5
configure:4708: $? = 0
configure:4724: result: yes
configure:4737: checking for library containing opendir
configure:4778: gcc -o conftest    conftest.c  >&5
configure:4784: $? = 0
configure:4812: result: none required
configure:4907: checking for strings.h
configure:4912: result: yes
configure:5049: checking sys/mount.h usability
configure:5066: gcc -c   conftest.c >&5
configure:5072: $? = 0
configure:5086: result: yes
configure:5090: checking sys/mount.h presence
configure:5105: gcc -E  conftest.c
configure:5111: $? = 0
configure:5125: result: yes
configure:5153: checking for sys/mount.h
configure:5160: result: yes
configure:5182: checking sys/param.h usability
configure:5199: gcc -c   conftest.c >&5
configure:5205: $? = 0
configure:5219: result: yes
configure:5223: checking sys/param.h presence
configure:5238: gcc -E  conftest.c
configure:5244: $? = 0
configure:5258: result: yes
configure:5286: checking for sys/param.h
configure:5293: result: yes
configure:5315: checking sys/statfs.h usability
configure:5332: gcc -c   conftest.c >&5
configure:5338: $? = 0
configure:5352: result: yes
configure:5356: checking sys/statfs.h presence
configure:5371: gcc -E  conftest.c
configure:5377: $? = 0
configure:5391: result: yes
configure:5419: checking for sys/statfs.h
configure:5426: result: yes
configure:5448: checking sys/vfs.h usability
configure:5465: gcc -c   conftest.c >&5
configure:5471: $? = 0
configure:5485: result: yes
configure:5489: checking sys/vfs.h presence
configure:5504: gcc -E  conftest.c
configure:5510: $? = 0
configure:5524: result: yes
configure:5552: checking for sys/vfs.h
configure:5559: result: yes
configure:5580: checking for strcasecmp
configure:5636: gcc -o conftest    conftest.c  >&5
conftest.c:49:6: warning: conflicting types for built-in function 'strcasecmp'
 char strcasecmp ();
      ^
configure:5642: $? = 0
configure:5660: result: yes
configure:5580: checking for strdup
configure:5636: gcc -o conftest    conftest.c  >&5
conftest.c:50:6: warning: conflicting types for built-in function 'strdup'
 char strdup ();
      ^
configure:5642: $? = 0
configure:5660: result: yes
configure:5580: checking for strlcat
configure:5636: gcc -o conftest    conftest.c  >&5
/tmp/ccP2uibB.o: In function `main':
conftest.c:(.text+0xa): undefined reference to `strlcat'
collect2: error: ld returned 1 exit status
configure:5642: $? = 1
configure: failed program was:
| /* confdefs.h.  */
| #define PACKAGE_NAME ""
| #define PACKAGE_TARNAME ""
| #define PACKAGE_VERSION ""
| #define PACKAGE_STRING ""
| #define PACKAGE_BUGREPORT ""
| #define EPM_VERSION "ESP Package Manager v4.2"
| #define STDC_HEADERS 1
| #define HAVE_SYS_TYPES_H 1
| #define HAVE_SYS_STAT_H 1
| #define HAVE_STDLIB_H 1
| #define HAVE_STRING_H 1
| #define HAVE_MEMORY_H 1
| #define HAVE_STRINGS_H 1
| #define HAVE_INTTYPES_H 1
| #define HAVE_STDINT_H 1
| #define HAVE_UNISTD_H 1
| #define STDC_HEADERS 1
| #define HAVE_DIRENT_H 1
| #define HAVE_STRINGS_H 1
| #define HAVE_SYS_MOUNT_H 1
| #define HAVE_SYS_PARAM_H 1
| #define HAVE_SYS_STATFS_H 1
| #define HAVE_SYS_VFS_H 1
| #define HAVE_STRCASECMP 1
| #define HAVE_STRDUP 1
| /* end confdefs.h.  */
| /* Define strlcat to an innocuous variant, in case <limits.h> declares strlcat.
|    For example, HP-UX 11i <limits.h> declares gettimeofday.  */
| #define strlcat innocuous_strlcat
| 
| /* System header to define __stub macros and hopefully few prototypes,
|     which can conflict with char strlcat (); below.
|     Prefer <limits.h> to <assert.h> if __STDC__ is defined, since
|     <limits.h> exists even on freestanding compilers.  */
| 
| #ifdef __STDC__
| # include <limits.h>
| #else
| # include <assert.h>
| #endif
| 
| #undef strlcat
| 
| /* Override any GCC internal prototype to avoid an error.
|    Use char because int might match the return type of a GCC
|    builtin and then its argument prototype would still apply.  */
| #ifdef __cplusplus
| extern "C"
| #endif
| char strlcat ();
| /* The GNU C library defines this for functions which it implements
|     to always fail with ENOSYS.  Some functions are actually named
|     something starting with __ and the normal name is an alias.  */
| #if defined __stub_strlcat || defined __stub___strlcat
| choke me
| #endif
| 
| int
| main ()
| {
| return strlcat ();
|   ;
|   return 0;
| }
configure:5660: result: no
configure:5580: checking for strlcpy
configure:5636: gcc -o conftest    conftest.c  >&5
/tmp/cc6OFRnD.o: In function `main':
conftest.c:(.text+0xa): undefined reference to `strlcpy'
collect2: error: ld returned 1 exit status
configure:5642: $? = 1
configure: failed program was:
| /* confdefs.h.  */
| #define PACKAGE_NAME ""
| #define PACKAGE_TARNAME ""
| #define PACKAGE_VERSION ""
| #define PACKAGE_STRING ""
| #define PACKAGE_BUGREPORT ""
| #define EPM_VERSION "ESP Package Manager v4.2"
| #define STDC_HEADERS 1
| #define HAVE_SYS_TYPES_H 1
| #define HAVE_SYS_STAT_H 1
| #define HAVE_STDLIB_H 1
| #define HAVE_STRING_H 1
| #define HAVE_MEMORY_H 1
| #define HAVE_STRINGS_H 1
| #define HAVE_INTTYPES_H 1
| #define HAVE_STDINT_H 1
| #define HAVE_UNISTD_H 1
| #define STDC_HEADERS 1
| #define HAVE_DIRENT_H 1
| #define HAVE_STRINGS_H 1
| #define HAVE_SYS_MOUNT_H 1
| #define HAVE_SYS_PARAM_H 1
| #define HAVE_SYS_STATFS_H 1
| #define HAVE_SYS_VFS_H 1
| #define HAVE_STRCASECMP 1
| #define HAVE_STRDUP 1
| /* end confdefs.h.  */
| /* Define strlcpy to an innocuous variant, in case <limits.h> declares strlcpy.
|    For example, HP-UX 11i <limits.h> declares gettimeofday.  */
| #define strlcpy innocuous_strlcpy
| 
| /* System header to define __stub macros and hopefully few prototypes,
|     which can conflict with char strlcpy (); below.
|     Prefer <limits.h> to <assert.h> if __STDC__ is defined, since
|     <limits.h> exists even on freestanding compilers.  */
| 
| #ifdef __STDC__
| # include <limits.h>
| #else
| # include <assert.h>
| #endif
| 
| #undef strlcpy
| 
| /* Override any GCC internal prototype to avoid an error.
|    Use char because int might match the return type of a GCC
|    builtin and then its argument prototype would still apply.  */
| #ifdef __cplusplus
| extern "C"
| #endif
| char strlcpy ();
| /* The GNU C library defines this for functions which it implements
|     to always fail with ENOSYS.  Some functions are actually named
|     something starting with __ and the normal name is an alias.  */
| #if defined __stub_strlcpy || defined __stub___strlcpy
| choke me
| #endif
| 
| int
| main ()
| {
| return strlcpy ();
|   ;
|   return 0;
| }
configure:5660: result: no
configure:5580: checking for strncasecmp
configure:5636: gcc -o conftest    conftest.c  >&5
conftest.c:51:6: warning: conflicting types for built-in function 'strncasecmp'
 char strncasecmp ();
      ^
configure:5642: $? = 0
configure:5660: result: yes
configure:5679: checking for snprintf
configure:5735: gcc -o conftest    conftest.c  >&5
conftest.c:52:6: warning: conflicting types for built-in function 'snprintf'
 char snprintf ();
      ^
configure:5741: $? = 0
configure:5759: result: yes
configure:5679: checking for vsnprintf
configure:5735: gcc -o conftest    conftest.c  >&5
conftest.c:53:6: warning: conflicting types for built-in function 'vsnprintf'
 char vsnprintf ();
      ^
configure:5741: $? = 0
configure:5759: result: yes
configure:5770: checking for library containing gethostname
configure:5811: gcc -o conftest    conftest.c  >&5
configure:5817: $? = 0
configure:5845: result: none required
configure:5857: checking for fltk-config
configure:5890: result: no
configure:5953: checking if GCC supports -fno-rtti
configure:5978: gcc -c -Wall -Wformat -Wno-format-y2k -Wunused  -fno-rtti  conftest.c >&5
cc1: warning: command line option '-fno-rtti' is valid for C++/ObjC++ but not for C
configure:5984: $? = 0
configure:5990: result: yes
configure:6004: checking if GCC supports -fno-exceptions
configure:6029: gcc -c -Wall -Wformat -Wno-format-y2k -Wunused  -fno-exceptions  conftest.c >&5
configure:6035: $? = 0
configure:6041: result: yes
configure:6405: creating ./config.status

## ---------------------- ##
## Running config.status. ##
## ---------------------- ##

This file was extended by config.status, which was
generated by GNU Autoconf 2.61.  Invocation command line was

  CONFIG_FILES    = 
  CONFIG_HEADERS  = 
  CONFIG_LINKS    = 
  CONFIG_COMMANDS = 
  $ ./config.status 

on avogadro

config.status:625: creating Makefile
config.status:625: creating epm.list
config.status:625: creating doc/Makefile
config.status:625: creating config.h

## ---------------- ##
## Cache variables. ##
## ---------------- ##

ac_cv_c_char_unsigned=no
ac_cv_c_compiler_gnu=yes
ac_cv_c_const=yes
ac_cv_cxx_compiler_gnu=yes
ac_cv_env_CCC_set=
ac_cv_env_CCC_value=
ac_cv_env_CC_set=
ac_cv_env_CC_value=
ac_cv_env_CFLAGS_set=
ac_cv_env_CFLAGS_value=
ac_cv_env_CPPFLAGS_set=
ac_cv_env_CPPFLAGS_value=
ac_cv_env_CPP_set=
ac_cv_env_CPP_value=
ac_cv_env_CXXFLAGS_set=
ac_cv_env_CXXFLAGS_value=
ac_cv_env_CXX_set=
ac_cv_env_CXX_value=
ac_cv_env_LDFLAGS_set=
ac_cv_env_LDFLAGS_value=
ac_cv_env_LIBS_set=
ac_cv_env_LIBS_value=
ac_cv_env_build_alias_set=
ac_cv_env_build_alias_value=
ac_cv_env_host_alias_set=
ac_cv_env_host_alias_value=
ac_cv_env_target_alias_set=
ac_cv_env_target_alias_value=
ac_cv_func_snprintf=yes
ac_cv_func_strcasecmp=yes
ac_cv_func_strdup=yes
ac_cv_func_strlcat=no
ac_cv_func_strlcpy=no
ac_cv_func_strncasecmp=yes
ac_cv_func_vsnprintf=yes
ac_cv_header_dirent_dirent_h=yes
ac_cv_header_inttypes_h=yes
ac_cv_header_memory_h=yes
ac_cv_header_stdc=yes
ac_cv_header_stdint_h=yes
ac_cv_header_stdlib_h=yes
ac_cv_header_string_h=yes
ac_cv_header_strings_h=yes
ac_cv_header_sys_mount_h=yes
ac_cv_header_sys_param_h=yes
ac_cv_header_sys_stat_h=yes
ac_cv_header_sys_statfs_h=yes
ac_cv_header_sys_types_h=yes
ac_cv_header_sys_vfs_h=yes
ac_cv_header_unistd_h=yes
ac_cv_objext=o
ac_cv_path_AR=/usr/bin/ar
ac_cv_path_CHMOD=/bin/chmod
ac_cv_path_CP=/bin/cp
ac_cv_path_EGREP='/bin/grep -E'
ac_cv_path_GREP=/bin/grep
ac_cv_path_GZIP=/bin/gzip
ac_cv_path_MKDIR=/bin/mkdir
ac_cv_path_NROFF=/usr/bin/nroff
ac_cv_path_RM=/bin/rm
ac_cv_path_STRIP=/usr/bin/strip
ac_cv_prog_CPP='gcc -E'
ac_cv_prog_ac_ct_CC=gcc
ac_cv_prog_ac_ct_CXX=g++
ac_cv_prog_ac_ct_RANLIB=ranlib
ac_cv_prog_cc_c89=
ac_cv_prog_cc_g=yes
ac_cv_prog_cxx_g=yes
ac_cv_search_gethostname='none required'
ac_cv_search_opendir='none required'

## ----------------- ##
## Output variables. ##
## ----------------- ##

AR='/usr/bin/ar'
ARCHFLAGS=''
ARFLAGS='crs'
CC='gcc'
CFLAGS='-Wall -Wformat -Wno-format-y2k -Wunused '
CHMOD='/bin/chmod'
CP='/bin/cp'
CPP='gcc -E'
CPPFLAGS=''
CXX='g++'
CXXFLAGS='-Wall -Wformat -Wno-format-y2k -Wunused  -fno-rtti -fno-exceptions'
DEFS='-DHAVE_CONFIG_H'
ECHO_C=''
ECHO_N='-n'
ECHO_T=''
EGREP='/bin/grep -E'
EPM_BINDIR=''
EPM_DATADIR=''
EPM_GZIP=''
EPM_LIBDIR=''
EPM_SOFTWARE='/etc/software'
EPM_STRIP=''
EXEEXT=''
FLTKCONFIG=''
GREP='/bin/grep'
GROFF=''
GUILIBS=''
GUIS=''
GZIP='/bin/gzip'
HTMLDOC=''
INSTALL_GUIS=''
INSTALL_OSX=''
LDFLAGS=''
LIBOBJS=''
LIBS=''
LTLIBOBJS=''
MKDIR='/bin/mkdir'
NROFF='/usr/bin/nroff'
OBJEXT='o'
OPTIM='-Os'
PACKAGE_BUGREPORT=''
PACKAGE_NAME=''
PACKAGE_STRING=''
PACKAGE_TARNAME=''
PACKAGE_VERSION=''
PATH_SEPARATOR=':'
RANLIB='ranlib'
RM='/bin/rm'
RPM=''
RPMBUILD=''
SHELL='/bin/bash'
STRIP='/usr/bin/strip'
VERNUMBER='420'
VERSION='4.2'
ac_ct_CC='gcc'
ac_ct_CXX='g++'
bindir='${exec_prefix}/bin'
build_alias=''
datadir='/usr/share'
datarootdir='/usr/share'
docdir='${datadir}/doc/epm'
dvidir='${docdir}'
exec_prefix='/usr'
host_alias=''
htmldir='${docdir}'
includedir='${prefix}/include'
infodir='${datarootdir}/info'
libdir='/usr/lib'
libexecdir='${exec_prefix}/libexec'
localedir='${datarootdir}/locale'
localstatedir='${prefix}/var'
mandir='${datarootdir}/man'
oldincludedir='/usr/include'
pdfdir='${docdir}'
prefix='/usr'
program_transform_name='s,x,x,'
psdir='${docdir}'
sbindir='${exec_prefix}/sbin'
sharedstatedir='${prefix}/com'
sysconfdir='${prefix}/etc'
target_alias=''

## ----------- ##
## confdefs.h. ##
## ----------- ##

#define PACKAGE_NAME ""
#define PACKAGE_TARNAME ""
#define PACKAGE_VERSION ""
#define PACKAGE_STRING ""
#define PACKAGE_BUGREPORT ""
#define EPM_VERSION "ESP Package Manager v4.2"
#define STDC_HEADERS 1
#define HAVE_SYS_TYPES_H 1
#define HAVE_SYS_STAT_H 1
#define HAVE_STDLIB_H 1
#define HAVE_STRING_H 1
#define HAVE_MEMORY_H 1
#define HAVE_STRINGS_H 1
#define HAVE_INTTYPES_H 1
#define HAVE_STDINT_H 1
#define HAVE_UNISTD_H 1
#define STDC_HEADERS 1
#define HAVE_DIRENT_H 1
#define HAVE_STRINGS_H 1
#define HAVE_SYS_MOUNT_H 1
#define HAVE_SYS_PARAM_H 1
#define HAVE_SYS_STATFS_H 1
#define HAVE_SYS_VFS_H 1
#define HAVE_STRCASECMP 1
#define HAVE_STRDUP 1
#define HAVE_STRNCASECMP 1
#define HAVE_SNPRINTF 1
#define HAVE_VSNPRINTF 1
#define EPM_COMPRESS 1
#define EPM_SOFTWARE "/etc/software"
#define EPM_GZIP "/bin/gzip"
#define EPM_STRIP "/usr/bin/strip"
#define EPM_BINDIR "/usr/bin"
#define EPM_LIBDIR "/usr/lib/epm"
#define EPM_DATADIR "/usr/share/epm"
#define EPM_RPMBUILD "rpm"

configure: exit 0
